  BasicWidget.cpp
  CampusGuide.cpp
C:\Users\MitchellBau\Desktop\Campus_Guide_System\SummerSem_project\Table.h(16,46): warning C4267: 'return': conversion from 'size_t' to 'int', possible loss of data
C:\Users\MitchellBau\Desktop\Campus_Guide_System\SummerSem_project\Sights.h(1,1): warning C4819: The file contains a character that cannot be represented in the current code page (936). Save the file in Unicode format to prevent data loss
C:\Users\MitchellBau\Desktop\Campus_Guide_System\SummerSem_project\CampusGuide.cpp(404,14): warning C4267: 'initializing': conversion from 'size_t' to 'int', possible loss of data
  CampusGuide.h
C:\Users\MitchellBau\Desktop\Campus_Guide_System\SummerSem_project\Table.h(16,46): warning C4267: 'return': conversion from 'size_t' to 'int', possible loss of data
C:\Users\MitchellBau\Desktop\Campus_Guide_System\SummerSem_project\Sights.h(1,1): warning C4819: The file contains a character that cannot be represented in the current code page (936). Save the file in Unicode format to prevent data loss
  CampusGuideSystem.cpp
C:\Users\MitchellBau\Desktop\Campus_Guide_System\SummerSem_project\Table.h(16,46): warning C4267: 'return': conversion from 'size_t' to 'int', possible loss of data
C:\Users\MitchellBau\Desktop\Campus_Guide_System\SummerSem_project\Sights.h(1,1): warning C4819: The file contains a character that cannot be represented in the current code page (936). Save the file in Unicode format to prevent data loss
  LineEdit.cpp
  MatGraph.cpp
C:\Users\MitchellBau\Desktop\Campus_Guide_System\SummerSem_project\Sights.h(1,1): warning C4819: The file contains a character that cannot be represented in the current code page (936). Save the file in Unicode format to prevent data loss
  PushButton.cpp
  Sights.cpp
C:\Users\MitchellBau\Desktop\Campus_Guide_System\SummerSem_project\Sights.h(1,1): warning C4819: The file contains a character that cannot be represented in the current code page (936). Save the file in Unicode format to prevent data loss
  Table.cpp
C:\Users\MitchellBau\Desktop\Campus_Guide_System\SummerSem_project\Table.h(16,46): warning C4267: 'return': conversion from 'size_t' to 'int', possible loss of data
C:\Users\MitchellBau\Desktop\Campus_Guide_System\SummerSem_project\Table.cpp(37,59): warning C4244: '=': conversion from '__int64' to 'int', possible loss of data
C:\Users\MitchellBau\Desktop\Campus_Guide_System\SummerSem_project\Table.cpp(58,62): warning C4244: '=': conversion from '__int64' to 'int', possible loss of data
C:\Users\MitchellBau\Desktop\Campus_Guide_System\SummerSem_project\Table.cpp(99,36): warning C4267: 'argument': conversion from 'size_t' to 'int', possible loss of data
C:\Users\MitchellBau\Desktop\Campus_Guide_System\SummerSem_project\Table.cpp(99,12): warning C4267: 'argument': conversion from 'size_t' to 'int', possible loss of data
C:\Users\MitchellBau\Desktop\Campus_Guide_System\SummerSem_project\Table.cpp(138,24): warning C4267: '=': conversion from 'size_t' to 'int', possible loss of data
C:\Users\MitchellBau\Desktop\Campus_Guide_System\SummerSem_project\Table.cpp(155,11): warning C4267: 'initializing': conversion from 'size_t' to 'int', possible loss of data
C:\Users\MitchellBau\Desktop\Campus_Guide_System\SummerSem_project\Table.cpp(156,11): warning C4267: 'initializing': conversion from 'size_t' to 'int', possible loss of data
C:\Users\MitchellBau\Desktop\Campus_Guide_System\SummerSem_project\Table.cpp(167,46): warning C4267: 'argument': conversion from 'size_t' to 'int', possible loss of data
C:\Users\MitchellBau\Desktop\Campus_Guide_System\SummerSem_project\Table.cpp(167,12): warning C4267: 'argument': conversion from 'size_t' to 'int', possible loss of data
C:\Users\MitchellBau\Desktop\Campus_Guide_System\SummerSem_project\Table.cpp(176,31): warning C4267: 'argument': conversion from 'size_t' to 'int', possible loss of data
C:\Users\MitchellBau\Desktop\Campus_Guide_System\SummerSem_project\Table.cpp(209,24): warning C4267: '=': conversion from 'size_t' to 'int', possible loss of data
C:\Users\MitchellBau\Desktop\Campus_Guide_System\SummerSem_project\Table.cpp(213,39): warning C4267: '=': conversion from 'size_t' to 'int', possible loss of data
C:\Users\MitchellBau\Desktop\Campus_Guide_System\SummerSem_project\Table.cpp(220,29): warning C4267: '=': conversion from 'size_t' to 'int', possible loss of data
C:\Users\MitchellBau\Desktop\Campus_Guide_System\SummerSem_project\Table.cpp(224,30): warning C4267: '=': conversion from 'size_t' to 'int', possible loss of data
  Window.cpp
  Generating Code...
C:\Users\MitchellBau\Desktop\Campus_Guide_System\SummerSem_project\CampusGuide.cpp(459,1): warning C4715: 'CampusGuide::Dispath': not all control paths return a value
SummerSe.6b7dce13\x64\Debug\CampusGuide.obj : warning LNK4042: object specified more than once; extras ignored
  SummerSem_project.vcxproj -> C:\Users\MitchellBau\Desktop\Campus_Guide_System\SummerSem_project\x64\Debug\SummerSem_project.exe
